
<html>
  <head>
    <title>Lab 04 - Graded Solution</title>
  </head>
  <body>
    <h1>Lab 04 - Graded Solution</h1>
    <p><b>You scored 70% = 1.4 points for this lab.</b></p>
    <ul>
      <li><b>Testing subscript-based acess</b>
      <ul>
      <li>Grade Percentage: 15</li>
      <li>Your solution succeeded taking 0.082 sec</Li>
      </ul>
      </li>
      <li><b>test stringification</b>
      <ul>
      <li>Grade Percentage: 10</li>
      <li>Your solution succeeded taking 0.082 sec</Li>
      </ul>
      </li>
      <li><b>testing single-element manipulation</b>
      <ul>
      <li>Grade Percentage: 15</li>
      <li>Your solution failed this test case! taking 0.082 sec</Li>
<li><pre>AssertionError: Expected [284, 307, 442, 91, 359, 480, 788, 240, 241, 974, 915, 668, 515, 378, 694, 293, 603, 401, 154, 48, 48, 166, 962, 504, 653, 831, 156, 4, 314, 661, 185, 144, 805, 101, 464, 636, 984, 596, 606, 740, 179, 881, 397, 309, 582, 594, 952, 912, 959, 340, 433, 444, 208, 270, 505, 431, 30, 996, 912, 780, 118, 991, 541, 390, 262, 845, 893, 258, 851, 477, 88, 543, 619, 910, 76, 806, 459, 999, 688, 177, 161, 356, 864, 633, 782, 574, 476, 747, 459, 412, 200, 731, 423, 829, 876, 108, 187, 120, 682, 941, None, None, None, None, None, None, None, None, None, None, None, None, None, None, None, None, None, None, None, None, None, None, None, None, None, None, None] but got [284, 307, 442, 91, 359, 480, 788, 240, 241, 974, 915, 668, 515, 378, 694, 293, 603, 401, 154, 48, 48, 166, 962, 504, 653, 831, 156, 4, 314, 661, 185, 144, 805, 101, 464, 636, 984, 596, 606, 740, 179, 881, 397, 309, 582, 594, 952, 912, 959, 340, 433, 444, 208, 270, 505, 431, 30, 996, 912, 780, 118, 991, 541, 390, 262, 845, 893, 258, 851, 477, 88, 543, 619, 910, 76, 806, 459, 999, 688, 177, 161, 356, 864, 633, 782, 574, 476, 747, 459, 412, 200, 731, 423, 829, 876, 108, 187, 120, 682, 941]</pre></li>
<li><pre>Traceback (most recent call last):
  File "/home/boris/.pyenv/versions/3.9.0/lib/python3.9/site-packages/grader-0.0.1-py3.9.egg/grader/execution_base.py", line 60, in call_test_function
    test_function(
  File "/home/boris/.pyenv/versions/3.9.0/lib/python3.9/site-packages/grader-0.0.1-py3.9.egg/grader/core.py", line 48, in wrapper
    result = test_function(module, *args, **kwargs)
  File "/tmp/tmp3avka8g_/lab04-test.py", line 92, in test3_3
    assertEquals(data, arrayListToList(lst))
  File "/home/boris/.pyenv/versions/3.9.0/lib/python3.9/site-packages/grader-0.0.1-py3.9.egg/grader/assertions.py", line 53, in assertEquals
    raise AssertionError(message)
AssertionError: Expected [284, 307, 442, 91, 359, 480, 788, 240, 241, 974, 915, 668, 515, 378, 694, 293, 603, 401, 154, 48, 48, 166, 962, 504, 653, 831, 156, 4, 314, 661, 185, 144, 805, 101, 464, 636, 984, 596, 606, 740, 179, 881, 397, 309, 582, 594, 952, 912, 959, 340, 433, 444, 208, 270, 505, 431, 30, 996, 912, 780, 118, 991, 541, 390, 262, 845, 893, 258, 851, 477, 88, 543, 619, 910, 76, 806, 459, 999, 688, 177, 161, 356, 864, 633, 782, 574, 476, 747, 459, 412, 200, 731, 423, 829, 876, 108, 187, 120, 682, 941, None, None, None, None, None, None, None, None, None, None, None, None, None, None, None, None, None, None, None, None, None, None, None, None, None, None, None] but got [284, 307, 442, 91, 359, 480, 788, 240, 241, 974, 915, 668, 515, 378, 694, 293, 603, 401, 154, 48, 48, 166, 962, 504, 653, 831, 156, 4, 314, 661, 185, 144, 805, 101, 464, 636, 984, 596, 606, 740, 179, 881, 397, 309, 582, 594, 952, 912, 959, 340, 433, 444, 208, 270, 505, 431, 30, 996, 912, 780, 118, 991, 541, 390, 262, 845, 893, 258, 851, 477, 88, 543, 619, 910, 76, 806, 459, 999, 688, 177, 161, 356, 864, 633, 782, 574, 476, 747, 459, 412, 200, 731, 423, 829, 876, 108, 187, 120, 682, 941]
</pre></li>
      </ul>
      </li>
      <li><b>testing predicates</b>
      <ul>
      <li>Grade Percentage: 15</li>
      <li>Your solution succeeded taking 0.082 sec</Li>
      </ul>
      </li>
      <li><b>testing queries</b>
      <ul>
      <li>Grade Percentage: 15</li>
      <li>Your solution succeeded taking 0.102 sec</Li>
      </ul>
      </li>
      <li><b>testing bulk operations</b>
      <ul>
      <li>Grade Percentage: 15</li>
      <li>Your solution failed this test case! taking 0.084 sec</Li>
<li><pre>AssertionError: Expected 127 but got 100</pre></li>
<li><pre>Traceback (most recent call last):
  File "/home/boris/.pyenv/versions/3.9.0/lib/python3.9/site-packages/grader-0.0.1-py3.9.egg/grader/execution_base.py", line 60, in call_test_function
    test_function(
  File "/home/boris/.pyenv/versions/3.9.0/lib/python3.9/site-packages/grader-0.0.1-py3.9.egg/grader/core.py", line 48, in wrapper
    result = test_function(module, *args, **kwargs)
  File "/tmp/tmp96py5jer/lab04-test.py", line 206, in test1_6
    assertEquals(100, len(lst3))
  File "/home/boris/.pyenv/versions/3.9.0/lib/python3.9/site-packages/grader-0.0.1-py3.9.egg/grader/assertions.py", line 53, in assertEquals
    raise AssertionError(message)
AssertionError: Expected 127 but got 100
</pre></li>
      </ul>
      </li>
      <li><b>testing iteration</b>
      <ul>
      <li>Grade Percentage: 15</li>
      <li>Your solution succeeded taking 0.082 sec</Li>
      </ul>
      </li>
    </ul>
  </body>
</html>
